This file contains any messages produced by compilers while
running configure, to aid debugging if configure makes a mistake.

It was created by libfprint configure 0.7.0, which was
generated by GNU Autoconf 2.69.  Invocation command line was

  $ ./configure 

## --------- ##
## Platform. ##
## --------- ##

hostname = ThinkPad-L440
uname -m = x86_64
uname -r = 4.13.0-1-amd64
uname -s = Linux
uname -v = #1 SMP Debian 4.13.13-1 (2017-11-16)

/usr/bin/uname -p = unknown
/bin/uname -X     = unknown

/bin/arch              = unknown
/usr/bin/arch -k       = unknown
/usr/convex/getsysinfo = unknown
/usr/bin/hostinfo      = unknown
/bin/machine           = unknown
/usr/bin/oslevel       = unknown
/bin/universe          = unknown

PATH: /usr/local/bin
PATH: /usr/bin
PATH: /bin
PATH: /usr/local/games
PATH: /usr/games


## ----------- ##
## Core tests. ##
## ----------- ##

configure:2415: checking for a BSD-compatible install
configure:2483: result: /usr/bin/install -c
configure:2494: checking whether build environment is sane
configure:2549: result: yes
configure:2700: checking for a thread-safe mkdir -p
configure:2739: result: /bin/mkdir -p
configure:2746: checking for gawk
configure:2762: found /usr/bin/gawk
configure:2773: result: gawk
configure:2784: checking whether make sets $(MAKE)
configure:2806: result: yes
configure:2835: checking whether make supports nested variables
configure:2852: result: yes
configure:2995: checking whether make supports nested variables
configure:3012: result: yes
configure:3073: checking for gcc
configure:3089: found /usr/bin/gcc
configure:3100: result: gcc
configure:3329: checking for C compiler version
configure:3338: gcc --version >&5
gcc (Debian 7.2.0-16) 7.2.0
Copyright (C) 2017 Free Software Foundation, Inc.
This is free software; see the source for copying conditions.  There is NO
warranty; not even for MERCHANTABILITY or FITNESS FOR A PARTICULAR PURPOSE.

configure:3349: $? = 0
configure:3338: gcc -v >&5
Using built-in specs.
COLLECT_GCC=gcc
COLLECT_LTO_WRAPPER=/usr/lib/gcc/x86_64-linux-gnu/7/lto-wrapper
OFFLOAD_TARGET_NAMES=nvptx-none
OFFLOAD_TARGET_DEFAULT=1
Target: x86_64-linux-gnu
Configured with: ../src/configure -v --with-pkgversion='Debian 7.2.0-16' --with-bugurl=file:///usr/share/doc/gcc-7/README.Bugs --enable-languages=c,ada,c++,go,brig,d,fortran,objc,obj-c++ --prefix=/usr --with-gcc-major-version-only --program-suffix=-7 --program-prefix=x86_64-linux-gnu- --enable-shared --enable-linker-build-id --libexecdir=/usr/lib --without-included-gettext --enable-threads=posix --libdir=/usr/lib --enable-nls --with-sysroot=/ --enable-clocale=gnu --enable-libstdcxx-debug --enable-libstdcxx-time=yes --with-default-libstdcxx-abi=new --enable-gnu-unique-object --disable-vtable-verify --enable-libmpx --enable-plugin --enable-default-pie --with-system-zlib --with-target-system-zlib --enable-objc-gc=auto --enable-multiarch --disable-werror --with-arch-32=i686 --with-abi=m64 --with-multilib-list=m32,m64,mx32 --enable-multilib --with-tune=generic --enable-offload-targets=nvptx-none --without-cuda-driver --enable-checking=release --build=x86_64-linux-gnu --host=x86_64-linux-gnu --target=x86_64-linux-gnu
Thread model: posix
gcc version 7.2.0 (Debian 7.2.0-16) 
configure:3349: $? = 0
configure:3338: gcc -V >&5
gcc: error: unrecognized command line option '-V'
gcc: fatal error: no input files
compilation terminated.
configure:3349: $? = 1
configure:3338: gcc -qversion >&5
gcc: error: unrecognized command line option '-qversion'; did you mean '--version'?
gcc: fatal error: no input files
compilation terminated.
configure:3349: $? = 1
configure:3369: checking whether the C compiler works
configure:3391: gcc    conftest.c  >&5
configure:3395: $? = 0
configure:3443: result: yes
configure:3446: checking for C compiler default output file name
configure:3448: result: a.out
configure:3454: checking for suffix of executables
configure:3461: gcc -o conftest    conftest.c  >&5
configure:3465: $? = 0
configure:3487: result: 
configure:3509: checking whether we are cross compiling
configure:3517: gcc -o conftest    conftest.c  >&5
configure:3521: $? = 0
configure:3528: ./conftest
configure:3532: $? = 0
configure:3547: result: no
configure:3552: checking for suffix of object files
configure:3574: gcc -c   conftest.c >&5
configure:3578: $? = 0
configure:3599: result: o
configure:3603: checking whether we are using the GNU C compiler
configure:3622: gcc -c   conftest.c >&5
configure:3622: $? = 0
configure:3631: result: yes
configure:3640: checking whether gcc accepts -g
configure:3660: gcc -c -g  conftest.c >&5
configure:3660: $? = 0
configure:3701: result: yes
configure:3718: checking for gcc option to accept ISO C89
configure:3781: gcc  -c -g -O2  conftest.c >&5
configure:3781: $? = 0
configure:3794: result: none needed
configure:3819: checking whether gcc understands -c and -o together
configure:3841: gcc -c conftest.c -o conftest2.o
configure:3844: $? = 0
configure:3841: gcc -c conftest.c -o conftest2.o
configure:3844: $? = 0
configure:3856: result: yes
configure:3884: checking for style of include used by make
configure:3912: result: GNU
configure:3938: checking dependency style of gcc
configure:4049: result: gcc3
configure:4093: checking build system type
configure:4107: result: x86_64-unknown-linux-gnu
configure:4127: checking host system type
configure:4140: result: x86_64-unknown-linux-gnu
configure:4181: checking how to print strings
configure:4208: result: printf
configure:4229: checking for a sed that does not truncate output
configure:4293: result: /bin/sed
configure:4311: checking for grep that handles long lines and -e
configure:4369: result: /bin/grep
configure:4374: checking for egrep
configure:4436: result: /bin/grep -E
configure:4441: checking for fgrep
configure:4503: result: /bin/grep -F
configure:4538: checking for ld used by gcc
configure:4605: result: /usr/bin/ld
configure:4612: checking if the linker (/usr/bin/ld) is GNU ld
configure:4627: result: yes
configure:4639: checking for BSD- or MS-compatible name lister (nm)
configure:4693: result: /usr/bin/nm -B
configure:4823: checking the name lister (/usr/bin/nm -B) interface
configure:4830: gcc -c -g -O2  conftest.c >&5
configure:4833: /usr/bin/nm -B "conftest.o"
configure:4836: output
0000000000000000 B some_variable
configure:4843: result: BSD nm
configure:4846: checking whether ln -s works
configure:4850: result: yes
configure:4858: checking the maximum length of command line arguments
configure:4989: result: 1572864
configure:5037: checking how to convert x86_64-unknown-linux-gnu file names to x86_64-unknown-linux-gnu format
configure:5077: result: func_convert_file_noop
configure:5084: checking how to convert x86_64-unknown-linux-gnu file names to toolchain format
configure:5104: result: func_convert_file_noop
configure:5111: checking for /usr/bin/ld option to reload object files
configure:5118: result: -r
configure:5192: checking for objdump
configure:5208: found /usr/bin/objdump
configure:5219: result: objdump
configure:5251: checking how to recognize dependent libraries
configure:5451: result: pass_all
configure:5536: checking for dlltool
configure:5566: result: no
configure:5596: checking how to associate runtime and link libraries
configure:5623: result: printf %s\n
configure:5684: checking for ar
configure:5700: found /usr/bin/ar
configure:5711: result: ar
configure:5748: checking for archiver @FILE support
configure:5765: gcc -c -g -O2  conftest.c >&5
configure:5765: $? = 0
configure:5768: ar cru libconftest.a @conftest.lst >&5
ar: `u' modifier ignored since `D' is the default (see `U')
configure:5771: $? = 0
configure:5776: ar cru libconftest.a @conftest.lst >&5
ar: `u' modifier ignored since `D' is the default (see `U')
ar: conftest.o: No such file or directory
configure:5779: $? = 1
configure:5791: result: @
configure:5849: checking for strip
configure:5865: found /usr/bin/strip
configure:5876: result: strip
configure:5948: checking for ranlib
configure:5964: found /usr/bin/ranlib
configure:5975: result: ranlib
configure:6077: checking command to parse /usr/bin/nm -B output from gcc object
configure:6230: gcc -c -g -O2  conftest.c >&5
configure:6233: $? = 0
configure:6237: /usr/bin/nm -B conftest.o \| sed -n -e 's/^.*[ ]\([ABCDGIRSTW][ABCDGIRSTW]*\)[ ][ ]*\([_A-Za-z][_A-Za-z0-9]*\)$/\1 \2 \2/p' | sed '/ __gnu_lto/d' \> conftest.nm
configure:6240: $? = 0
configure:6306: gcc -o conftest -g -O2   conftest.c conftstm.o >&5
configure:6309: $? = 0
configure:6347: result: ok
configure:6394: checking for sysroot
configure:6424: result: no
configure:6431: checking for a working dd
configure:6469: result: /bin/dd
configure:6473: checking how to truncate binary pipes
configure:6488: result: /bin/dd bs=4096 count=1
configure:6624: gcc -c -g -O2  conftest.c >&5
configure:6627: $? = 0
configure:6817: checking for mt
configure:6833: found /bin/mt
configure:6844: result: mt
configure:6867: checking if mt is a manifest tool
configure:6873: mt '-?'
configure:6881: result: no
configure:7558: checking how to run the C preprocessor
configure:7589: gcc -E  conftest.c
configure:7589: $? = 0
configure:7603: gcc -E  conftest.c
conftest.c:11:10: fatal error: ac_nonexistent.h: No such file or directory
 #include <ac_nonexistent.h>
          ^~~~~~~~~~~~~~~~~~
compilation terminated.
configure:7603: $? = 1
configure: failed program was:
| /* confdefs.h */
| #define PACKAGE_NAME "libfprint"
| #define PACKAGE_TARNAME "libfprint"
| #define PACKAGE_VERSION "0.7.0"
| #define PACKAGE_STRING "libfprint 0.7.0"
| #define PACKAGE_BUGREPORT ""
| #define PACKAGE_URL ""
| #define PACKAGE "libfprint"
| #define VERSION "0.7.0"
| /* end confdefs.h.  */
| #include <ac_nonexistent.h>
configure:7628: result: gcc -E
configure:7648: gcc -E  conftest.c
configure:7648: $? = 0
configure:7662: gcc -E  conftest.c
conftest.c:11:10: fatal error: ac_nonexistent.h: No such file or directory
 #include <ac_nonexistent.h>
          ^~~~~~~~~~~~~~~~~~
compilation terminated.
configure:7662: $? = 1
configure: failed program was:
| /* confdefs.h */
| #define PACKAGE_NAME "libfprint"
| #define PACKAGE_TARNAME "libfprint"
| #define PACKAGE_VERSION "0.7.0"
| #define PACKAGE_STRING "libfprint 0.7.0"
| #define PACKAGE_BUGREPORT ""
| #define PACKAGE_URL ""
| #define PACKAGE "libfprint"
| #define VERSION "0.7.0"
| /* end confdefs.h.  */
| #include <ac_nonexistent.h>
configure:7691: checking for ANSI C header files
configure:7711: gcc -c -g -O2  conftest.c >&5
configure:7711: $? = 0
configure:7784: gcc -o conftest -g -O2   conftest.c  >&5
configure:7784: $? = 0
configure:7784: ./conftest
configure:7784: $? = 0
configure:7795: result: yes
configure:7808: checking for sys/types.h
configure:7808: gcc -c -g -O2  conftest.c >&5
configure:7808: $? = 0
configure:7808: result: yes
configure:7808: checking for sys/stat.h
configure:7808: gcc -c -g -O2  conftest.c >&5
configure:7808: $? = 0
configure:7808: result: yes
configure:7808: checking for stdlib.h
configure:7808: gcc -c -g -O2  conftest.c >&5
configure:7808: $? = 0
configure:7808: result: yes
configure:7808: checking for string.h
configure:7808: gcc -c -g -O2  conftest.c >&5
configure:7808: $? = 0
configure:7808: result: yes
configure:7808: checking for memory.h
configure:7808: gcc -c -g -O2  conftest.c >&5
configure:7808: $? = 0
configure:7808: result: yes
configure:7808: checking for strings.h
configure:7808: gcc -c -g -O2  conftest.c >&5
configure:7808: $? = 0
configure:7808: result: yes
configure:7808: checking for inttypes.h
configure:7808: gcc -c -g -O2  conftest.c >&5
configure:7808: $? = 0
configure:7808: result: yes
configure:7808: checking for stdint.h
configure:7808: gcc -c -g -O2  conftest.c >&5
configure:7808: $? = 0
configure:7808: result: yes
configure:7808: checking for unistd.h
configure:7808: gcc -c -g -O2  conftest.c >&5
configure:7808: $? = 0
configure:7808: result: yes
configure:7822: checking for dlfcn.h
configure:7822: gcc -c -g -O2  conftest.c >&5
configure:7822: $? = 0
configure:7822: result: yes
configure:8078: checking for objdir
configure:8093: result: .libs
configure:8357: checking if gcc supports -fno-rtti -fno-exceptions
configure:8375: gcc -c -g -O2  -fno-rtti -fno-exceptions conftest.c >&5
cc1: warning: command line option '-fno-rtti' is valid for C++/ObjC++ but not for C
configure:8379: $? = 0
configure:8392: result: no
configure:8750: checking for gcc option to produce PIC
configure:8757: result: -fPIC -DPIC
configure:8765: checking if gcc PIC flag -fPIC -DPIC works
configure:8783: gcc -c -g -O2  -fPIC -DPIC -DPIC conftest.c >&5
configure:8787: $? = 0
configure:8800: result: yes
configure:8829: checking if gcc static flag -static works
configure:8857: result: yes
configure:8872: checking if gcc supports -c -o file.o
configure:8893: gcc -c -g -O2  -o out/conftest2.o conftest.c >&5
configure:8897: $? = 0
configure:8919: result: yes
configure:8927: checking if gcc supports -c -o file.o
configure:8974: result: yes
configure:9007: checking whether the gcc linker (/usr/bin/ld -m elf_x86_64) supports shared libraries
configure:10266: result: yes
configure:10303: checking whether -lc should be explicitly linked in
configure:10311: gcc -c -g -O2  conftest.c >&5
configure:10314: $? = 0
configure:10329: gcc -shared  -fPIC -DPIC conftest.o  -v -Wl,-soname -Wl,conftest -o conftest 2\>\&1 \| /bin/grep  -lc  \>/dev/null 2\>\&1
configure:10332: $? = 0
configure:10346: result: no
configure:10506: checking dynamic linker characteristics
configure:11087: gcc -o conftest -g -O2   -Wl,-rpath -Wl,/foo conftest.c  >&5
configure:11087: $? = 0
configure:11324: result: GNU/Linux ld.so
configure:11446: checking how to hardcode library paths into programs
configure:11471: result: immediate
configure:12019: checking whether stripping libraries is possible
configure:12024: result: yes
configure:12059: checking if libtool supports shared libraries
configure:12061: result: yes
configure:12064: checking whether to build shared libraries
configure:12089: result: yes
configure:12092: checking whether to build static libraries
configure:12096: result: yes
configure:12133: checking for inline
configure:12149: gcc -c -g -O2  conftest.c >&5
configure:12149: $? = 0
configure:12157: result: inline
configure:12234: checking for g++
configure:12250: found /usr/bin/g++
configure:12261: result: g++
configure:12288: checking for C++ compiler version
configure:12297: g++ --version >&5
g++ (Debian 7.2.0-16) 7.2.0
Copyright (C) 2017 Free Software Foundation, Inc.
This is free software; see the source for copying conditions.  There is NO
warranty; not even for MERCHANTABILITY or FITNESS FOR A PARTICULAR PURPOSE.

configure:12308: $? = 0
configure:12297: g++ -v >&5
Using built-in specs.
COLLECT_GCC=g++
COLLECT_LTO_WRAPPER=/usr/lib/gcc/x86_64-linux-gnu/7/lto-wrapper
OFFLOAD_TARGET_NAMES=nvptx-none
OFFLOAD_TARGET_DEFAULT=1
Target: x86_64-linux-gnu
Configured with: ../src/configure -v --with-pkgversion='Debian 7.2.0-16' --with-bugurl=file:///usr/share/doc/gcc-7/README.Bugs --enable-languages=c,ada,c++,go,brig,d,fortran,objc,obj-c++ --prefix=/usr --with-gcc-major-version-only --program-suffix=-7 --program-prefix=x86_64-linux-gnu- --enable-shared --enable-linker-build-id --libexecdir=/usr/lib --without-included-gettext --enable-threads=posix --libdir=/usr/lib --enable-nls --with-sysroot=/ --enable-clocale=gnu --enable-libstdcxx-debug --enable-libstdcxx-time=yes --with-default-libstdcxx-abi=new --enable-gnu-unique-object --disable-vtable-verify --enable-libmpx --enable-plugin --enable-default-pie --with-system-zlib --with-target-system-zlib --enable-objc-gc=auto --enable-multiarch --disable-werror --with-arch-32=i686 --with-abi=m64 --with-multilib-list=m32,m64,mx32 --enable-multilib --with-tune=generic --enable-offload-targets=nvptx-none --without-cuda-driver --enable-checking=release --build=x86_64-linux-gnu --host=x86_64-linux-gnu --target=x86_64-linux-gnu
Thread model: posix
gcc version 7.2.0 (Debian 7.2.0-16) 
configure:12308: $? = 0
configure:12297: g++ -V >&5
g++: error: unrecognized command line option '-V'
g++: fatal error: no input files
compilation terminated.
configure:12308: $? = 1
configure:12297: g++ -qversion >&5
g++: error: unrecognized command line option '-qversion'; did you mean '--version'?
g++: fatal error: no input files
compilation terminated.
configure:12308: $? = 1
configure:12312: checking whether we are using the GNU C++ compiler
configure:12331: g++ -c   conftest.cpp >&5
configure:12331: $? = 0
configure:12340: result: yes
configure:12349: checking whether g++ accepts -g
configure:12369: g++ -c -g  conftest.cpp >&5
configure:12369: $? = 0
configure:12410: result: yes
configure:12435: checking dependency style of g++
configure:12546: result: gcc3
configure:12579: checking how to run the C++ preprocessor
configure:12606: g++ -E  conftest.cpp
configure:12606: $? = 0
configure:12620: g++ -E  conftest.cpp
conftest.cpp:23:10: fatal error: ac_nonexistent.h: No such file or directory
 #include <ac_nonexistent.h>
          ^~~~~~~~~~~~~~~~~~
compilation terminated.
configure:12620: $? = 1
configure: failed program was:
| /* confdefs.h */
| #define PACKAGE_NAME "libfprint"
| #define PACKAGE_TARNAME "libfprint"
| #define PACKAGE_VERSION "0.7.0"
| #define PACKAGE_STRING "libfprint 0.7.0"
| #define PACKAGE_BUGREPORT ""
| #define PACKAGE_URL ""
| #define PACKAGE "libfprint"
| #define VERSION "0.7.0"
| #define STDC_HEADERS 1
| #define HAVE_SYS_TYPES_H 1
| #define HAVE_SYS_STAT_H 1
| #define HAVE_STDLIB_H 1
| #define HAVE_STRING_H 1
| #define HAVE_MEMORY_H 1
| #define HAVE_STRINGS_H 1
| #define HAVE_INTTYPES_H 1
| #define HAVE_STDINT_H 1
| #define HAVE_UNISTD_H 1
| #define HAVE_DLFCN_H 1
| #define LT_OBJDIR ".libs/"
| /* end confdefs.h.  */
| #include <ac_nonexistent.h>
configure:12645: result: g++ -E
configure:12665: g++ -E  conftest.cpp
configure:12665: $? = 0
configure:12679: g++ -E  conftest.cpp
conftest.cpp:23:10: fatal error: ac_nonexistent.h: No such file or directory
 #include <ac_nonexistent.h>
          ^~~~~~~~~~~~~~~~~~
compilation terminated.
configure:12679: $? = 1
configure: failed program was:
| /* confdefs.h */
| #define PACKAGE_NAME "libfprint"
| #define PACKAGE_TARNAME "libfprint"
| #define PACKAGE_VERSION "0.7.0"
| #define PACKAGE_STRING "libfprint 0.7.0"
| #define PACKAGE_BUGREPORT ""
| #define PACKAGE_URL ""
| #define PACKAGE "libfprint"
| #define VERSION "0.7.0"
| #define STDC_HEADERS 1
| #define HAVE_SYS_TYPES_H 1
| #define HAVE_SYS_STAT_H 1
| #define HAVE_STDLIB_H 1
| #define HAVE_STRING_H 1
| #define HAVE_MEMORY_H 1
| #define HAVE_STRINGS_H 1
| #define HAVE_INTTYPES_H 1
| #define HAVE_STDINT_H 1
| #define HAVE_UNISTD_H 1
| #define HAVE_DLFCN_H 1
| #define LT_OBJDIR ".libs/"
| /* end confdefs.h.  */
| #include <ac_nonexistent.h>
configure:12841: checking for ld used by g++
configure:12908: result: /usr/bin/ld -m elf_x86_64
configure:12915: checking if the linker (/usr/bin/ld -m elf_x86_64) is GNU ld
configure:12930: result: yes
configure:12985: checking whether the g++ linker (/usr/bin/ld -m elf_x86_64) supports shared libraries
configure:14058: result: yes
configure:14094: g++ -c -g -O2  conftest.cpp >&5
configure:14097: $? = 0
configure:14578: checking for g++ option to produce PIC
configure:14585: result: -fPIC -DPIC
configure:14593: checking if g++ PIC flag -fPIC -DPIC works
configure:14611: g++ -c -g -O2  -fPIC -DPIC -DPIC conftest.cpp >&5
configure:14615: $? = 0
configure:14628: result: yes
configure:14651: checking if g++ static flag -static works
configure:14679: result: yes
configure:14691: checking if g++ supports -c -o file.o
configure:14712: g++ -c -g -O2  -o out/conftest2.o conftest.cpp >&5
configure:14716: $? = 0
configure:14738: result: yes
configure:14743: checking if g++ supports -c -o file.o
configure:14790: result: yes
configure:14820: checking whether the g++ linker (/usr/bin/ld -m elf_x86_64) supports shared libraries
configure:14860: result: yes
configure:15001: checking dynamic linker characteristics
configure:15746: result: GNU/Linux ld.so
configure:15811: checking how to hardcode library paths into programs
configure:15836: result: immediate
configure:16307: checking for pkg-config
configure:16325: found /usr/bin/pkg-config
configure:16337: result: /usr/bin/pkg-config
configure:16362: checking pkg-config is at least version 0.9.0
configure:16365: result: yes
configure:16375: checking for libusb-1.0 >= 0.9.1
configure:16382: $PKG_CONFIG --exists --print-errors "libusb-1.0 >= 0.9.1"
configure:16385: $? = 0
configure:16399: $PKG_CONFIG --exists --print-errors "libusb-1.0 >= 0.9.1"
configure:16402: $? = 0
configure:16460: result: yes
configure:16470: checking for nss
configure:16477: $PKG_CONFIG --exists --print-errors "nss"
configure:16480: $? = 0
configure:16494: $PKG_CONFIG --exists --print-errors "nss"
configure:16497: $? = 0
configure:16555: result: yes
configure:16564: checking for glib-2.0 >= 2.28
configure:16571: $PKG_CONFIG --exists --print-errors "glib-2.0 >= 2.28"
configure:16574: $? = 0
configure:16588: $PKG_CONFIG --exists --print-errors "glib-2.0 >= 2.28"
configure:16591: $? = 0
configure:16649: result: yes
configure:16693: installing udev rules in /lib/udev/rules.d
configure:16701: checking for pixman-1
configure:16708: $PKG_CONFIG --exists --print-errors "pixman-1"
configure:16711: $? = 0
configure:16725: $PKG_CONFIG --exists --print-errors "pixman-1"
configure:16728: $? = 0
configure:16766: result: yes
configure:16899: gcc -c -g -O2 -fgnu89-inline  conftest.c >&5
configure:16899: $? = 0
configure:16915: ** Using pixman for imaging
configure:16924: ** upekts driver enabled
configure:16934:    upeke2 driver disabled (handled by upektc_img driver)
configure:16938: ** upektc driver enabled
configure:16945: ** upeksonly driver enabled
configure:16952: ** vcom5s driver enabled
configure:16959: ** uru4000 driver enabled
configure:16969:    fdu2000 driver disabled (not ported)
configure:16973: ** aes1610 driver enabled
configure:16980: ** aes1660 driver enabled
configure:16987: ** aes2501 driver enabled
configure:16994: ** aes2550/aes2810 driver enabled
configure:17001: ** aes2660 driver enabled
configure:17008: ** aes3500 driver enabled
configure:17015: ** aes4000 driver enabled
configure:17022: ** vfs101 driver enabled
configure:17029: ** vfs301 driver enabled
configure:17036: ** vfs5011 driver enabled
configure:17043: ** upektc_img driver enabled
configure:17050: ** etes603 driver enabled
configure:17057: ** vfs0050 driver enabled
configure:17064: ** aeslib helper functions enabled
configure:17071: ** aesX660 common routines enabled
configure:17078: ** aes3k common routines enabled
configure:17196: checking that generated files are newer than configure
configure:17202: result: done
configure:17337: creating ./config.status

## ---------------------- ##
## Running config.status. ##
## ---------------------- ##

This file was extended by libfprint config.status 0.7.0, which was
generated by GNU Autoconf 2.69.  Invocation command line was

  CONFIG_FILES    = 
  CONFIG_HEADERS  = 
  CONFIG_LINKS    = 
  CONFIG_COMMANDS = 
  $ ./config.status 

on ThinkPad-L440

config.status:1244: creating libfprint.pc
config.status:1244: creating Makefile
config.status:1244: creating libfprint/Makefile
config.status:1244: creating examples/Makefile
config.status:1244: creating doc/Makefile
config.status:1244: creating config.h
config.status:1473: executing depfiles commands
config.status:1473: executing libtool commands

## ---------------- ##
## Cache variables. ##
## ---------------- ##

ac_cv_build=x86_64-unknown-linux-gnu
ac_cv_c_compiler_gnu=yes
ac_cv_c_inline=inline
ac_cv_cxx_compiler_gnu=yes
ac_cv_env_CCC_set=
ac_cv_env_CCC_value=
ac_cv_env_CC_set=
ac_cv_env_CC_value=
ac_cv_env_CFLAGS_set=
ac_cv_env_CFLAGS_value=
ac_cv_env_CPPFLAGS_set=
ac_cv_env_CPPFLAGS_value=
ac_cv_env_CPP_set=
ac_cv_env_CPP_value=
ac_cv_env_CRYPTO_CFLAGS_set=
ac_cv_env_CRYPTO_CFLAGS_value=
ac_cv_env_CRYPTO_LIBS_set=
ac_cv_env_CRYPTO_LIBS_value=
ac_cv_env_CXXCPP_set=
ac_cv_env_CXXCPP_value=
ac_cv_env_CXXFLAGS_set=
ac_cv_env_CXXFLAGS_value=
ac_cv_env_CXX_set=
ac_cv_env_CXX_value=
ac_cv_env_GLIB_CFLAGS_set=
ac_cv_env_GLIB_CFLAGS_value=
ac_cv_env_GLIB_LIBS_set=
ac_cv_env_GLIB_LIBS_value=
ac_cv_env_IMAGING_CFLAGS_set=
ac_cv_env_IMAGING_CFLAGS_value=
ac_cv_env_IMAGING_LIBS_set=
ac_cv_env_IMAGING_LIBS_value=
ac_cv_env_LDFLAGS_set=
ac_cv_env_LDFLAGS_value=
ac_cv_env_LIBS_set=
ac_cv_env_LIBS_value=
ac_cv_env_LIBUSB_CFLAGS_set=
ac_cv_env_LIBUSB_CFLAGS_value=
ac_cv_env_LIBUSB_LIBS_set=
ac_cv_env_LIBUSB_LIBS_value=
ac_cv_env_LT_SYS_LIBRARY_PATH_set=
ac_cv_env_LT_SYS_LIBRARY_PATH_value=
ac_cv_env_PKG_CONFIG_LIBDIR_set=
ac_cv_env_PKG_CONFIG_LIBDIR_value=
ac_cv_env_PKG_CONFIG_PATH_set=
ac_cv_env_PKG_CONFIG_PATH_value=
ac_cv_env_PKG_CONFIG_set=
ac_cv_env_PKG_CONFIG_value=
ac_cv_env_build_alias_set=
ac_cv_env_build_alias_value=
ac_cv_env_host_alias_set=
ac_cv_env_host_alias_value=
ac_cv_env_target_alias_set=
ac_cv_env_target_alias_value=
ac_cv_header_dlfcn_h=yes
ac_cv_header_inttypes_h=yes
ac_cv_header_memory_h=yes
ac_cv_header_stdc=yes
ac_cv_header_stdint_h=yes
ac_cv_header_stdlib_h=yes
ac_cv_header_string_h=yes
ac_cv_header_strings_h=yes
ac_cv_header_sys_stat_h=yes
ac_cv_header_sys_types_h=yes
ac_cv_header_unistd_h=yes
ac_cv_host=x86_64-unknown-linux-gnu
ac_cv_objext=o
ac_cv_path_EGREP='/bin/grep -E'
ac_cv_path_FGREP='/bin/grep -F'
ac_cv_path_GREP=/bin/grep
ac_cv_path_SED=/bin/sed
ac_cv_path_ac_pt_PKG_CONFIG=/usr/bin/pkg-config
ac_cv_path_install='/usr/bin/install -c'
ac_cv_path_lt_DD=/bin/dd
ac_cv_path_mkdir=/bin/mkdir
ac_cv_prog_AWK=gawk
ac_cv_prog_CPP='gcc -E'
ac_cv_prog_CXXCPP='g++ -E'
ac_cv_prog_ac_ct_AR=ar
ac_cv_prog_ac_ct_CC=gcc
ac_cv_prog_ac_ct_CXX=g++
ac_cv_prog_ac_ct_MANIFEST_TOOL=mt
ac_cv_prog_ac_ct_OBJDUMP=objdump
ac_cv_prog_ac_ct_RANLIB=ranlib
ac_cv_prog_ac_ct_STRIP=strip
ac_cv_prog_cc_c89=
ac_cv_prog_cc_g=yes
ac_cv_prog_cxx_g=yes
ac_cv_prog_make_make_set=yes
am_cv_CC_dependencies_compiler_type=gcc3
am_cv_CXX_dependencies_compiler_type=gcc3
am_cv_make_support_nested_variables=yes
am_cv_prog_cc_c_o=yes
lt_cv_ar_at_file=@
lt_cv_archive_cmds_need_lc=no
lt_cv_deplibs_check_method=pass_all
lt_cv_file_magic_cmd='$MAGIC_CMD'
lt_cv_file_magic_test_file=
lt_cv_ld_reload_flag=-r
lt_cv_nm_interface='BSD nm'
lt_cv_objdir=.libs
lt_cv_path_LD=/usr/bin/ld
lt_cv_path_LDCXX='/usr/bin/ld -m elf_x86_64'
lt_cv_path_NM='/usr/bin/nm -B'
lt_cv_path_mainfest_tool=no
lt_cv_prog_compiler_c_o=yes
lt_cv_prog_compiler_c_o_CXX=yes
lt_cv_prog_compiler_pic='-fPIC -DPIC'
lt_cv_prog_compiler_pic_CXX='-fPIC -DPIC'
lt_cv_prog_compiler_pic_works=yes
lt_cv_prog_compiler_pic_works_CXX=yes
lt_cv_prog_compiler_rtti_exceptions=no
lt_cv_prog_compiler_static_works=yes
lt_cv_prog_compiler_static_works_CXX=yes
lt_cv_prog_gnu_ld=yes
lt_cv_prog_gnu_ldcxx=yes
lt_cv_sharedlib_from_linklib_cmd='printf %s\n'
lt_cv_shlibpath_overrides_runpath=yes
lt_cv_sys_global_symbol_pipe='sed -n -e '\''s/^.*[	 ]\([ABCDGIRSTW][ABCDGIRSTW]*\)[	 ][	 ]*\([_A-Za-z][_A-Za-z0-9]*\)$/\1 \2 \2/p'\'' | sed '\''/ __gnu_lto/d'\'''
lt_cv_sys_global_symbol_to_c_name_address='sed -n -e '\''s/^: \(.*\) .*$/  {"\1", (void *) 0},/p'\'' -e '\''s/^[ABCDGIRSTW][ABCDGIRSTW]* .* \(.*\)$/  {"\1", (void *) \&\1},/p'\'''
lt_cv_sys_global_symbol_to_c_name_address_lib_prefix='sed -n -e '\''s/^: \(.*\) .*$/  {"\1", (void *) 0},/p'\'' -e '\''s/^[ABCDGIRSTW][ABCDGIRSTW]* .* \(lib.*\)$/  {"\1", (void *) \&\1},/p'\'' -e '\''s/^[ABCDGIRSTW][ABCDGIRSTW]* .* \(.*\)$/  {"lib\1", (void *) \&\1},/p'\'''
lt_cv_sys_global_symbol_to_cdecl='sed -n -e '\''s/^T .* \(.*\)$/extern int \1();/p'\'' -e '\''s/^[ABCDGIRSTW][ABCDGIRSTW]* .* \(.*\)$/extern char \1;/p'\'''
lt_cv_sys_global_symbol_to_import=
lt_cv_sys_max_cmd_len=1572864
lt_cv_to_host_file_cmd=func_convert_file_noop
lt_cv_to_tool_file_cmd=func_convert_file_noop
lt_cv_truncate_bin='/bin/dd bs=4096 count=1'
pkg_cv_CRYPTO_CFLAGS='-I/usr/include/nss -I/usr/include/nspr'
pkg_cv_CRYPTO_LIBS='-lnss3 -lnssutil3 -lsmime3 -lssl3 -lplds4 -lplc4 -lnspr4'
pkg_cv_GLIB_CFLAGS='-I/usr/include/glib-2.0 -I/usr/lib/x86_64-linux-gnu/glib-2.0/include'
pkg_cv_GLIB_LIBS=-lglib-2.0
pkg_cv_IMAGING_CFLAGS=-I/usr/include/pixman-1
pkg_cv_IMAGING_LIBS=-lpixman-1
pkg_cv_LIBUSB_CFLAGS=-I/usr/include/libusb-1.0
pkg_cv_LIBUSB_LIBS=-lusb-1.0

## ----------------- ##
## Output variables. ##
## ----------------- ##

ACLOCAL='${SHELL} /home/aswin/project/random_stuff/stuff/libfprint/libfprint-0.7.0/missing aclocal-1.15'
AMDEPBACKSLASH='\'
AMDEP_FALSE='#'
AMDEP_TRUE=''
AMTAR='$${TAR-tar}'
AM_BACKSLASH='\'
AM_CFLAGS='-std=gnu99 -fgnu89-inline -Wall -Wundef -Wunused -Wstrict-prototypes -Werror-implicit-function-declaration -Wno-pointer-sign -Wshadow'
AM_DEFAULT_V='$(AM_DEFAULT_VERBOSITY)'
AM_DEFAULT_VERBOSITY='0'
AM_V='$(V)'
AR='ar'
AUTOCONF='${SHELL} /home/aswin/project/random_stuff/stuff/libfprint/libfprint-0.7.0/missing autoconf'
AUTOHEADER='${SHELL} /home/aswin/project/random_stuff/stuff/libfprint/libfprint-0.7.0/missing autoheader'
AUTOMAKE='${SHELL} /home/aswin/project/random_stuff/stuff/libfprint/libfprint-0.7.0/missing automake-1.15'
AWK='gawk'
BUILD_EXAMPLES_FALSE=''
BUILD_EXAMPLES_TRUE='#'
BUILD_X11_EXAMPLES_FALSE=''
BUILD_X11_EXAMPLES_TRUE='#'
CC='gcc'
CCDEPMODE='depmode=gcc3'
CFLAGS='-g -O2'
CPP='gcc -E'
CPPFLAGS=''
CRYPTO_CFLAGS='-I/usr/include/nss -I/usr/include/nspr'
CRYPTO_LIBS='-lnss3 -lnssutil3 -lsmime3 -lssl3 -lplds4 -lplc4 -lnspr4'
CXX='g++'
CXXCPP='g++ -E'
CXXDEPMODE='depmode=gcc3'
CXXFLAGS='-g -O2'
CYGPATH_W='echo'
DEFS='-DHAVE_CONFIG_H'
DEPDIR='.deps'
DLLTOOL='false'
DSYMUTIL=''
DUMPBIN=''
ECHO_C=''
ECHO_N='-n'
ECHO_T=''
EGREP='/bin/grep -E'
ENABLE_AES1610_FALSE='#'
ENABLE_AES1610_TRUE=''
ENABLE_AES1660_FALSE='#'
ENABLE_AES1660_TRUE=''
ENABLE_AES2501_FALSE='#'
ENABLE_AES2501_TRUE=''
ENABLE_AES2550_FALSE='#'
ENABLE_AES2550_TRUE=''
ENABLE_AES2660_FALSE='#'
ENABLE_AES2660_TRUE=''
ENABLE_AES3500_FALSE='#'
ENABLE_AES3500_TRUE=''
ENABLE_AES4000_FALSE='#'
ENABLE_AES4000_TRUE=''
ENABLE_ETES603_FALSE='#'
ENABLE_ETES603_TRUE=''
ENABLE_FDU2000_FALSE=''
ENABLE_FDU2000_TRUE='#'
ENABLE_UDEV_RULES_FALSE='#'
ENABLE_UDEV_RULES_TRUE=''
ENABLE_UPEKE2_FALSE=''
ENABLE_UPEKE2_TRUE='#'
ENABLE_UPEKSONLY_FALSE='#'
ENABLE_UPEKSONLY_TRUE=''
ENABLE_UPEKTC_FALSE='#'
ENABLE_UPEKTC_IMG_FALSE='#'
ENABLE_UPEKTC_IMG_TRUE=''
ENABLE_UPEKTC_TRUE=''
ENABLE_UPEKTS_FALSE='#'
ENABLE_UPEKTS_TRUE=''
ENABLE_URU4000_FALSE='#'
ENABLE_URU4000_TRUE=''
ENABLE_VCOM5S_FALSE='#'
ENABLE_VCOM5S_TRUE=''
ENABLE_VFS0050_FALSE='#'
ENABLE_VFS0050_TRUE=''
ENABLE_VFS101_FALSE='#'
ENABLE_VFS101_TRUE=''
ENABLE_VFS301_FALSE='#'
ENABLE_VFS301_TRUE=''
ENABLE_VFS5011_FALSE='#'
ENABLE_VFS5011_TRUE=''
EXEEXT=''
FGREP='/bin/grep -F'
GLIB_CFLAGS='-I/usr/include/glib-2.0 -I/usr/lib/x86_64-linux-gnu/glib-2.0/include'
GLIB_LIBS='-lglib-2.0'
GREP='/bin/grep'
IMAGING_CFLAGS='-I/usr/include/pixman-1'
IMAGING_LIBS='-lpixman-1'
INSTALL_DATA='${INSTALL} -m 644'
INSTALL_PROGRAM='${INSTALL}'
INSTALL_SCRIPT='${INSTALL}'
INSTALL_STRIP_PROGRAM='$(install_sh) -c -s'
LD='/usr/bin/ld -m elf_x86_64'
LDFLAGS=''
LIBOBJS=''
LIBS=''
LIBTOOL='$(SHELL) $(top_builddir)/libtool'
LIBUSB_CFLAGS='-I/usr/include/libusb-1.0'
LIBUSB_LIBS='-lusb-1.0'
LIPO=''
LN_S='ln -s'
LTLIBOBJS=''
LT_SYS_LIBRARY_PATH=''
MAKEINFO='${SHELL} /home/aswin/project/random_stuff/stuff/libfprint/libfprint-0.7.0/missing makeinfo'
MANIFEST_TOOL=':'
MKDIR_P='/bin/mkdir -p'
NM='/usr/bin/nm -B'
NMEDIT=''
OBJDUMP='objdump'
OBJEXT='o'
OTOOL64=''
OTOOL=''
PACKAGE='libfprint'
PACKAGE_BUGREPORT=''
PACKAGE_NAME='libfprint'
PACKAGE_STRING='libfprint 0.7.0'
PACKAGE_TARNAME='libfprint'
PACKAGE_URL=''
PACKAGE_VERSION='0.7.0'
PATH_SEPARATOR=':'
PKG_CONFIG='/usr/bin/pkg-config'
PKG_CONFIG_LIBDIR=''
PKG_CONFIG_PATH=''
RANLIB='ranlib'
REQUIRE_AES3K_FALSE='#'
REQUIRE_AES3K_TRUE=''
REQUIRE_AESLIB_FALSE='#'
REQUIRE_AESLIB_TRUE=''
REQUIRE_AESX660_FALSE='#'
REQUIRE_AESX660_TRUE=''
REQUIRE_PIXMAN_FALSE='#'
REQUIRE_PIXMAN_TRUE=''
SED='/bin/sed'
SET_MAKE=''
SHELL='/bin/bash'
STRIP='strip'
VERSION='0.7.0'
XV_CFLAGS=''
XV_LIBS=''
ac_ct_AR='ar'
ac_ct_CC='gcc'
ac_ct_CXX='g++'
ac_ct_DUMPBIN=''
am__EXEEXT_FALSE=''
am__EXEEXT_TRUE='#'
am__fastdepCC_FALSE='#'
am__fastdepCC_TRUE=''
am__fastdepCXX_FALSE='#'
am__fastdepCXX_TRUE=''
am__include='include'
am__isrc=''
am__leading_dot='.'
am__nodep='_no'
am__quote=''
am__tar='$${TAR-tar} chof - "$$tardir"'
am__untar='$${TAR-tar} xf -'
bindir='${exec_prefix}/bin'
build='x86_64-unknown-linux-gnu'
build_alias=''
build_cpu='x86_64'
build_os='linux-gnu'
build_vendor='unknown'
datadir='${datarootdir}'
datarootdir='${prefix}/share'
docdir='${datarootdir}/doc/${PACKAGE_TARNAME}'
dvidir='${docdir}'
exec_prefix='${prefix}'
host='x86_64-unknown-linux-gnu'
host_alias=''
host_cpu='x86_64'
host_os='linux-gnu'
host_vendor='unknown'
htmldir='${docdir}'
includedir='${prefix}/include'
infodir='${datarootdir}/info'
install_sh='${SHELL} /home/aswin/project/random_stuff/stuff/libfprint/libfprint-0.7.0/install-sh'
libdir='${exec_prefix}/lib'
libexecdir='${exec_prefix}/libexec'
localedir='${datarootdir}/locale'
localstatedir='${prefix}/var'
lt_age='0'
lt_major='0'
lt_revision='0'
mandir='${datarootdir}/man'
mkdir_p='$(MKDIR_P)'
oldincludedir='/usr/include'
pdfdir='${docdir}'
prefix='/usr/local'
program_transform_name='s,x,x,'
psdir='${docdir}'
sbindir='${exec_prefix}/sbin'
sharedstatedir='${prefix}/com'
sysconfdir='${prefix}/etc'
target_alias=''
udev_rulesdir='/lib/udev/rules.d'

## ----------- ##
## confdefs.h. ##
## ----------- ##

/* confdefs.h */
#define PACKAGE_NAME "libfprint"
#define PACKAGE_TARNAME "libfprint"
#define PACKAGE_VERSION "0.7.0"
#define PACKAGE_STRING "libfprint 0.7.0"
#define PACKAGE_BUGREPORT ""
#define PACKAGE_URL ""
#define PACKAGE "libfprint"
#define VERSION "0.7.0"
#define STDC_HEADERS 1
#define HAVE_SYS_TYPES_H 1
#define HAVE_SYS_STAT_H 1
#define HAVE_STDLIB_H 1
#define HAVE_STRING_H 1
#define HAVE_MEMORY_H 1
#define HAVE_STRINGS_H 1
#define HAVE_INTTYPES_H 1
#define HAVE_STDINT_H 1
#define HAVE_UNISTD_H 1
#define HAVE_DLFCN_H 1
#define LT_OBJDIR ".libs/"
#define _GNU_SOURCE /**/
#define ENABLE_UPEKTS /**/
#define ENABLE_UPEKTC /**/
#define ENABLE_UPEKSONLY /**/
#define ENABLE_VCOM5S /**/
#define ENABLE_URU4000 /**/
#define ENABLE_FDU2000 /**/
#define ENABLE_AES1610 /**/
#define ENABLE_AES1660 /**/
#define ENABLE_AES2501 /**/
#define ENABLE_AES2550 /**/
#define ENABLE_AES2660 /**/
#define ENABLE_AES3500 /**/
#define ENABLE_AES4000 /**/
#define ENABLE_VFS101 /**/
#define ENABLE_VFS301 /**/
#define ENABLE_VFS5011 /**/
#define ENABLE_UPEKTC_IMG /**/
#define ENABLE_ETES603 /**/
#define ENABLE_VFS0050 /**/
#define ENABLE_LOGGING 1
#define API_EXPORTED __attribute__((visibility("default")))

configure: exit 0
